WatchFace/Wearable/build/outputs/logs/manifest-merger-debug-report.txt
-- Merging decision tree log ---
manifest
ADDED from src\main\AndroidManifest.xml:16:1-151:12
INJECTED from src\main\AndroidManifest.xml:16:1-151:12
MERGED from [com.android.support:palette-v7:25.1.0] AndroidManifest.xml:17:1-25:12
MERGED from [com.google.android.gms:play-services-fitness:10.0.1] AndroidManifest.xml:16:1-19:12
MERGED from [com.google.android.gms:play-services-wearable:10.0.1] AndroidManifest.xml:16:1-19:12
MERGED from [com.android.support:support-v13:25.0.1] AndroidManifest.xml:17:1-27:12
MERGED from [com.google.android.support:wearable:2.0.0] AndroidManifest.xml:2:1-8:12
MERGED from [com.google.android.gms:play-services-location:10.0.1] AndroidManifest.xml:2:1-5:12
MERGED from [com.google.android.gms:play-services-base:10.0.1] AndroidManifest.xml:16:1-21:12
MERGED from [com.google.android.gms:play-services-tasks:10.0.1] AndroidManifest.xml:2:1-5:12
MERGED from [com.google.android.gms:play-services-basement:10.0.1] AndroidManifest.xml:16:1-23:12
MERGED from [com.android.support:percent:23.0.1] AndroidManifest.xml:17:1-24:12
MERGED from [com.android.support:recyclerview-v7:23.0.1] AndroidManifest.xml:17:1-22:12
MERGED from [com.android.support:support-v4:25.0.1] AndroidManifest.xml:17:1-27:12
MERGED from [com.android.support:support-fragment:25.0.1] AndroidManifest.xml:17:1-27:12
MERGED from [com.android.support:support-media-compat:25.0.1] AndroidManifest.xml:17:1-27:12
MERGED from [com.android.support:support-core-ui:25.0.1] AndroidManifest.xml:17:1-27:12
MERGED from [com.android.support:support-core-utils:25.1.0] AndroidManifest.xml:17:1-27:12
MERGED from [com.android.support:support-compat:25.1.0] AndroidManifest.xml:17:1-27:12
INJECTED from src\main\AndroidManifest.xml:16:1-151:12
	package
		ADDED from src\main\AndroidManifest.xml:17:5-53
	android:versionName
		INJECTED from src\main\AndroidManifest.xml
		ADDED from src\main\AndroidManifest.xml:16:1-151:12
		INJECTED from src\main\AndroidManifest.xml
	xmlns:android
		ADDED from src\main\AndroidManifest.xml:16:11-69
uses-sdk
ADDED from src\main\AndroidManifest.xml:19:5-21:41
INJECTED from src\main\AndroidManifest.xml:19:5-21:41
INJECTED from src\main\AndroidManifest.xml:19:5-21:41
MERGED from [com.android.support:palette-v7:25.1.0] AndroidManifest.xml:20:5-43
MERGED from [com.android.support:palette-v7:25.1.0] AndroidManifest.xml:20:5-43
MERGED from [com.google.android.gms:play-services-fitness:10.0.1] AndroidManifest.xml:17:5-42
MERGED from [com.google.android.gms:play-services-fitness:10.0.1] AndroidManifest.xml:17:5-42
MERGED from [com.google.android.gms:play-services-wearable:10.0.1] AndroidManifest.xml:17:5-42
MERGED from [com.google.android.gms:play-services-wearable:10.0.1] AndroidManifest.xml:17:5-42
MERGED from [com.android.support:support-v13:25.0.1] AndroidManifest.xml:21:5-23:55
MERGED from [com.android.support:support-v13:25.0.1] AndroidManifest.xml:21:5-23:55
MERGED from [com.google.android.support:wearable:2.0.0] AndroidManifest.xml:4:5-72
MERGED from [com.google.android.support:wearable:2.0.0] AndroidManifest.xml:4:5-72
MERGED from [com.google.android.gms:play-services-location:10.0.1] AndroidManifest.xml:3:5-42
MERGED from [com.google.android.gms:play-services-location:10.0.1] AndroidManifest.xml:3:5-42
MERGED from [com.google.android.gms:play-services-base:10.0.1] AndroidManifest.xml:17:5-42
MERGED from [com.google.android.gms:play-services-base:10.0.1] AndroidManifest.xml:17:5-42
MERGED from [com.google.android.gms:play-services-tasks:10.0.1] AndroidManifest.xml:3:5-42
MERGED from [com.google.android.gms:play-services-tasks:10.0.1] AndroidManifest.xml:3:5-42
MERGED from [com.google.android.gms:play-services-basement:10.0.1] AndroidManifest.xml:17:5-42
MERGED from [com.google.android.gms:play-services-basement:10.0.1] AndroidManifest.xml:17:5-42
MERGED from [com.android.support:percent:23.0.1] AndroidManifest.xml:20:5-43
MERGED from [com.android.support:percent:23.0.1] AndroidManifest.xml:20:5-43
MERGED from [com.android.support:recyclerview-v7:23.0.1] AndroidManifest.xml:20:5-43
MERGED from [com.android.support:recyclerview-v7:23.0.1] AndroidManifest.xml:20:5-43
MERGED from [com.android.support:support-v4:25.0.1] AndroidManifest.xml:21:5-23:54
MERGED from [com.android.support:support-v4:25.0.1] AndroidManifest.xml:21:5-23:54
MERGED from [com.android.support:support-fragment:25.0.1] AndroidManifest.xml:21:5-23:60
MERGED from [com.android.support:support-fragment:25.0.1] AndroidManifest.xml:21:5-23:60
MERGED from [com.android.support:support-media-compat:25.0.1] AndroidManifest.xml:21:5-23:63
MERGED from [com.android.support:support-media-compat:25.0.1] AndroidManifest.xml:21:5-23:63
MERGED from [com.android.support:support-core-ui:25.0.1] AndroidManifest.xml:21:5-23:58
MERGED from [com.android.support:support-core-ui:25.0.1] AndroidManifest.xml:21:5-23:58
MERGED from [com.android.support:support-core-utils:25.1.0] AndroidManifest.xml:21:5-23:61
MERGED from [com.android.support:support-core-utils:25.1.0] AndroidManifest.xml:21:5-23:61
MERGED from [com.android.support:support-compat:25.1.0] AndroidManifest.xml:21:5-23:58
MERGED from [com.android.support:support-compat:25.1.0] AndroidManifest.xml:21:5-23:58
INJECTED from src\main\AndroidManifest.xml:19:5-21:41
INJECTED from src\main\AndroidManifest.xml:19:5-21:41
	tools:overrideLibrary
		ADDED from [com.android.support:support-v13:25.0.1] AndroidManifest.xml:23:9-52
	android:targetSdkVersion
		ADDED from src\main\AndroidManifest.xml:21:9-38
		INJECTED from src\main\AndroidManifest.xml
		INJECTED from src\main\AndroidManifest.xml
	android:minSdkVersion
		ADDED from src\main\AndroidManifest.xml:20:9-35
		INJECTED from src\main\AndroidManifest.xml
		INJECTED from src\main\AndroidManifest.xml
uses-feature#android.hardware.type.watch
ADDED from src\main\AndroidManifest.xml:23:5-64
	android:name
		ADDED from src\main\AndroidManifest.xml:23:19-61
uses-feature#android.hardware.bluetooth_le
ADDED from src\main\AndroidManifest.xml:24:5-26:35
	android:required
		ADDED from src\main\AndroidManifest.xml:26:9-32
	android:name
		ADDED from src\main\AndroidManifest.xml:25:9-53
uses-permission#android.permission.BLUETOOTH
ADDED from src\main\AndroidManifest.xml:28:5-68
	android:name
		ADDED from src\main\AndroidManifest.xml:28:22-65
uses-permission#android.permission.BLUETOOTH_ADMIN
ADDED from src\main\AndroidManifest.xml:29:5-74
	android:name
		ADDED from src\main\AndroidManifest.xml:29:22-71
uses-permission#android.permission.BLUETOOTH_PRIVILEGED
ADDED from src\main\AndroidManifest.xml:31:5-79
	android:name
		ADDED from src\main\AndroidManifest.xml:31:22-76
uses-permission#android.permission.WAKE_LOCK
ADDED from src\main\AndroidManifest.xml:32:5-68
	android:name
		ADDED from src\main\AndroidManifest.xml:32:22-65
uses-permission#android.permission.ACCESS_COARSE_LOCATION
ADDED from src\main\AndroidManifest.xml:33:5-81
	android:name
		ADDED from src\main\AndroidManifest.xml:33:22-78
uses-permission#android.permission.VIBRATE
ADDED from src\main\AndroidManifest.xml:34:5-66
	android:name
		ADDED from src\main\AndroidManifest.xml:34:22-63
uses-permission#com.google.android.wearable.permission.RECEIVE_COMPLICATION_DATA
ADDED from src\main\AndroidManifest.xml:40:5-104
	android:name
		ADDED from src\main\AndroidManifest.xml:40:22-101
uses-permission#android.permission.READ_CALENDAR
ADDED from src\main\AndroidManifest.xml:43:5-72
	android:name
		ADDED from src\main\AndroidManifest.xml:43:22-69
uses-permission#android.permission.ACCESS_FINE_LOCATION
ADDED from src\main\AndroidManifest.xml:46:5-79
	android:name
		ADDED from src\main\AndroidManifest.xml:46:22-76
uses-permission#android.permission.WRITE_EXTERNAL_STORAGE
ADDED from src\main\AndroidManifest.xml:47:5-81
	android:name
		ADDED from src\main\AndroidManifest.xml:47:22-78
uses-permission#android.permission.READ_PHONE_STATE
ADDED from src\main\AndroidManifest.xml:48:5-75
	android:name
		ADDED from src\main\AndroidManifest.xml:48:22-72
uses-permission#android.permission.READ_EXTERNAL_STORAGE
ADDED from src\main\AndroidManifest.xml:49:5-80
	android:name
		ADDED from src\main\AndroidManifest.xml:49:22-77
application
ADDED from src\main\AndroidManifest.xml:52:5-149:19
MERGED from [com.android.support:palette-v7:25.1.0] AndroidManifest.xml:22:5-23:19
MERGED from [com.android.support:palette-v7:25.1.0] AndroidManifest.xml:22:5-23:19
MERGED from [com.google.android.gms:play-services-fitness:10.0.1] AndroidManifest.xml:18:5-19
MERGED from [com.google.android.gms:play-services-fitness:10.0.1] AndroidManifest.xml:18:5-19
MERGED from [com.google.android.gms:play-services-wearable:10.0.1] AndroidManifest.xml:18:5-19
MERGED from [com.google.android.gms:play-services-wearable:10.0.1] AndroidManifest.xml:18:5-19
MERGED from [com.android.support:support-v13:25.0.1] AndroidManifest.xml:25:5-20
MERGED from [com.android.support:support-v13:25.0.1] AndroidManifest.xml:25:5-20
MERGED from [com.google.android.support:wearable:2.0.0] AndroidManifest.xml:6:5-19
MERGED from [com.google.android.support:wearable:2.0.0] AndroidManifest.xml:6:5-19
MERGED from [com.google.android.gms:play-services-location:10.0.1] AndroidManifest.xml:4:5-19
MERGED from [com.google.android.gms:play-services-location:10.0.1] AndroidManifest.xml:4:5-19
MERGED from [com.google.android.gms:play-services-base:10.0.1] AndroidManifest.xml:18:5-20:19
MERGED from [com.google.android.gms:play-services-base:10.0.1] AndroidManifest.xml:18:5-20:19
MERGED from [com.google.android.gms:play-services-tasks:10.0.1] AndroidManifest.xml:4:5-19
MERGED from [com.google.android.gms:play-services-tasks:10.0.1] AndroidManifest.xml:4:5-19
MERGED from [com.google.android.gms:play-services-basement:10.0.1] AndroidManifest.xml:19:5-21:19
MERGED from [com.google.android.gms:play-services-basement:10.0.1] AndroidManifest.xml:19:5-21:19
MERGED from [com.android.support:percent:23.0.1] AndroidManifest.xml:22:5-20
MERGED from [com.android.support:percent:23.0.1] AndroidManifest.xml:22:5-20
MERGED from [com.android.support:support-v4:25.0.1] AndroidManifest.xml:25:5-20
MERGED from [com.android.support:support-v4:25.0.1] AndroidManifest.xml:25:5-20
MERGED from [com.android.support:support-fragment:25.0.1] AndroidManifest.xml:25:5-20
MERGED from [com.android.support:support-fragment:25.0.1] AndroidManifest.xml:25:5-20
MERGED from [com.android.support:support-media-compat:25.0.1] AndroidManifest.xml:25:5-20
MERGED from [com.android.support:support-media-compat:25.0.1] AndroidManifest.xml:25:5-20
MERGED from [com.android.support:support-core-ui:25.0.1] AndroidManifest.xml:25:5-20
MERGED from [com.android.support:support-core-ui:25.0.1] AndroidManifest.xml:25:5-20
MERGED from [com.android.support:support-core-utils:25.1.0] AndroidManifest.xml:25:5-20
MERGED from [com.android.support:support-core-utils:25.1.0] AndroidManifest.xml:25:5-20
MERGED from [com.android.support:support-compat:25.1.0] AndroidManifest.xml:25:5-20
MERGED from [com.android.support:support-compat:25.1.0] AndroidManifest.xml:25:5-20
	android:label
		ADDED from src\main\AndroidManifest.xml:55:9-41
	android:icon
		ADDED from src\main\AndroidManifest.xml:54:9-45
	android:allowBackup
		ADDED from src\main\AndroidManifest.xml:53:9-35
meta-data#com.google.android.wearable.standalone
ADDED from src\main\AndroidManifest.xml:56:9-58:36
	android:value
		ADDED from src\main\AndroidManifest.xml:58:13-33
	android:name
		ADDED from src\main\AndroidManifest.xml:57:13-66
meta-data#com.google.android.gms.version
ADDED from src\main\AndroidManifest.xml:59:9-61:69
MERGED from [com.google.android.gms:play-services-basement:10.0.1] AndroidManifest.xml:20:9-121
MERGED from [com.google.android.gms:play-services-basement:10.0.1] AndroidManifest.xml:20:9-121
	android:value
		ADDED from src\main\AndroidManifest.xml:61:13-66
	android:name
		ADDED from src\main\AndroidManifest.xml:60:13-58
uses-library#com.google.android.wearable
ADDED from src\main\AndroidManifest.xml:63:9-65:40
	android:required
		ADDED from src\main\AndroidManifest.xml:65:13-37
	android:name
		ADDED from src\main\AndroidManifest.xml:64:13-55
service#com.example.android.wearable.watchface.ComplicationSimpleWatchFaceService
ADDED from src\main\AndroidManifest.xml:67:9-90:19
	android:enabled
		ADDED from src\main\AndroidManifest.xml:69:13-35
	android:label
		ADDED from src\main\AndroidManifest.xml:70:13-33
	android:permission
		ADDED from src\main\AndroidManifest.xml:71:13-67
	android:name
		ADDED from src\main\AndroidManifest.xml:68:13-63
meta-data#android.service.wallpaper
ADDED from src\main\AndroidManifest.xml:72:13-74:54
	android:resource
		ADDED from src\main\AndroidManifest.xml:74:17-51
	android:name
		ADDED from src\main\AndroidManifest.xml:73:17-57
meta-data#com.google.android.wearable.watchface.preview
ADDED from src\main\AndroidManifest.xml:75:13-77:76
	android:resource
		ADDED from src\main\AndroidManifest.xml:77:17-73
	android:name
		ADDED from src\main\AndroidManifest.xml:76:17-77
meta-data#com.google.android.wearable.watchface.preview_circular
ADDED from src\main\AndroidManifest.xml:78:13-80:76
	android:resource
		ADDED from src\main\AndroidManifest.xml:80:17-73
	android:name
		ADDED from src\main\AndroidManifest.xml:79:17-86
meta-data#com.google.android.wearable.watchface.wearableConfigurationAction
ADDED from src\main\AndroidManifest.xml:81:13-83:101
	android:value
		ADDED from src\main\AndroidManifest.xml:83:17-98
	android:name
		ADDED from src\main\AndroidManifest.xml:82:17-97
intent-filter#action:name:android.service.wallpaper.WallpaperService+category:name:com.google.android.wearable.watchface.category.WATCH_FACE
ADDED from src\main\AndroidManifest.xml:85:13-89:29
action#android.service.wallpaper.WallpaperService
ADDED from src\main\AndroidManifest.xml:86:17-85
	android:name
		ADDED from src\main\AndroidManifest.xml:86:25-82
category#com.google.android.wearable.watchface.category.WATCH_FACE
ADDED from src\main\AndroidManifest.xml:88:17-102
	android:name
		ADDED from src\main\AndroidManifest.xml:88:27-99
activity#android.support.wearable.complications.ComplicationHelperActivity
ADDED from src\main\AndroidManifest.xml:92:9-102
	android:name
		ADDED from src\main\AndroidManifest.xml:92:19-99
activity#com.example.android.wearable.watchface.ComplicationSimpleConfigActivity
ADDED from src\main\AndroidManifest.xml:93:9-103:20
	android:label
		ADDED from src\main\AndroidManifest.xml:95:13-33
	android:launchMode
		ADDED from src\main\AndroidManifest.xml:96:13-48
	android:name
		ADDED from src\main\AndroidManifest.xml:94:13-61
intent-filter#action:name:com.example.android.wearable.watchface.CONFIG_COMPLICATION_SIMPLE+category:name:android.intent.category.DEFAULT+category:name:com.google.android.wearable.watchface.category.WEARABLE_CONFIGURATION
ADDED from src\main\AndroidManifest.xml:97:13-102:29
action#com.example.android.wearable.watchface.CONFIG_COMPLICATION_SIMPLE
ADDED from src\main\AndroidManifest.xml:98:17-108
	android:name
		ADDED from src\main\AndroidManifest.xml:98:25-105
category#com.google.android.wearable.watchface.category.WEARABLE_CONFIGURATION
ADDED from src\main\AndroidManifest.xml:100:17-114
	android:name
		ADDED from src\main\AndroidManifest.xml:100:27-111
category#android.intent.category.DEFAULT
ADDED from src\main\AndroidManifest.xml:101:17-76
	android:name
		ADDED from src\main\AndroidManifest.xml:101:27-73
service#com.example.android.wearable.watchface.provider.RandomNumberProviderService
ADDED from src\main\AndroidManifest.xml:110:9-138:19
	android:label
		ADDED from src\main\AndroidManifest.xml:113:13-33
	android:permission
		ADDED from src\main\AndroidManifest.xml:114:13-99
	android:icon
		ADDED from src\main\AndroidManifest.xml:112:13-49
	android:name
		ADDED from src\main\AndroidManifest.xml:111:13-65
intent-filter#action:name:android.support.wearable.complications.ACTION_COMPLICATION_UPDATE_REQUEST
ADDED from src\main\AndroidManifest.xml:115:13-117:29
action#android.support.wearable.complications.ACTION_COMPLICATION_UPDATE_REQUEST
ADDED from src\main\AndroidManifest.xml:116:17-116
	android:name
		ADDED from src\main\AndroidManifest.xml:116:25-113
meta-data#android.support.wearable.complications.SUPPORTED_TYPES
ADDED from src\main\AndroidManifest.xml:119:13-121:69
	android:value
		ADDED from src\main\AndroidManifest.xml:121:17-66
	android:name
		ADDED from src\main\AndroidManifest.xml:120:17-86
meta-data#android.support.wearable.complications.UPDATE_PERIOD_SECONDS
ADDED from src\main\AndroidManifest.xml:135:13-137:38
	android:value
		ADDED from src\main\AndroidManifest.xml:137:17-35
	android:name
		ADDED from src\main\AndroidManifest.xml:136:17-92
service#com.example.android.wearable.watchface.provider.UpdateComplicationDataService
ADDED from src\main\AndroidManifest.xml:139:9-142:19
	android:exported
		ADDED from src\main\AndroidManifest.xml:141:13-37
	android:name
		ADDED from src\main\AndroidManifest.xml:140:13-67
service#com.dbrowne.cgms.MyService
ADDED from src\main\AndroidManifest.xml:144:5-145:15
	android:name
		ADDED from src\main\AndroidManifest.xml:144:14-55
service#com.dbrowne.cgms.MyService1
ADDED from src\main\AndroidManifest.xml:147:9-148:19
	android:name
		ADDED from src\main\AndroidManifest.xml:147:18-60
activity#com.google.android.gms.common.api.GoogleApiActivity
ADDED from [com.google.android.gms:play-services-base:10.0.1] AndroidManifest.xml:19:9-172
	android:exported
		ADDED from [com.google.android.gms:play-services-base:10.0.1] AndroidManifest.xml:19:146-170
	android:theme
		ADDED from [com.google.android.gms:play-services-base:10.0.1] AndroidManifest.xml:19:86-145
	android:name
		ADDED from [com.google.android.gms:play-services-base:10.0.1] AndroidManifest.xml:19:19-85